<?xml version="1.0" encoding="UTF-8"?>
<!-- Generated by org.testng.reporters.JUnitReportReporter -->
<testsuite hostname="INHYNUHALDAR01" failures="0" tests="1" name="test.day2" time="0.001" errors="0" timestamp="2025-01-14T13:27:30 IST" skipped="0">
  <testcase classname="test.day2" name="secondDay" time="0.001"/>
  <system-out/>
</testsuite> <!-- test.day2 -->
