<?xml version="1.0" encoding="UTF-8"?>
<!-- Generated by org.testng.reporters.JUnitReportReporter -->
<testsuite hostname="INHYNUHALDAR01" failures="0" tests="3" name="test.day4" time="0.003" errors="0" timestamp="2025-01-14T13:27:30 IST" skipped="0">
  <testcase classname="test.day4" name="carLoanAPI" time="0.001"/>
  <system-out/>
  <testcase classname="test.day4" name="carLoanMobile" time="0.001"/>
  <system-out/>
  <testcase classname="test.day4" name="carLoanWeb" time="0.001"/>
  <system-out/>
</testsuite> <!-- test.day4 -->
